<?xml version="1.0" encoding="UTF-8"?>
<!-- Generated by org.testng.reporters.JUnitReportReporter -->
<testsuite hostname="JAGANSRINADHU" failures="0" tests="1" name="com.tests.PostCall" time="3.562" errors="0" timestamp="2023-11-18T19:06:14 IST" skipped="0">
  <testcase classname="com.tests.PostCall" name="test4" time="3.562"/>
</testsuite> <!-- com.tests.PostCall -->
