<?xml version="1.0" encoding="UTF-8"?>
<!-- Generated by org.testng.reporters.JUnitReportReporter -->
<testsuite hostname="JAGANSRINADHU" failures="0" tests="1" name="com.tests.GetCall" time="17.771" errors="0" timestamp="2023-12-12T00:36:07 IST" skipped="0">
  <testcase classname="com.tests.GetCall" name="getCountry1" time="17.771"/>
</testsuite> <!-- com.tests.GetCall -->
