<?xml version="1.0" encoding="UTF-8"?>
<!-- Generated by org.testng.reporters.JUnitReportReporter -->
<testsuite hostname="JAGANSRINADHU" failures="0" tests="1" name="com.tests.PostCal" time="3.520" errors="0" timestamp="2023-11-01T00:10:43 IST" skipped="0">
  <testcase classname="com.tests.PostCal" name="test4" time="3.520"/>
</testsuite> <!-- com.tests.PostCal -->
